<?xml version="1.0" encoding="UTF-8"?>
<!-- Generated by org.testng.reporters.JUnitReportReporter -->
<testsuite skipped="0" hostname="DESKTOP-BKIE6H1" name="org.example.Runners.Runners" tests="15" failures="2" timestamp="2022-08-26T00:36:25 EET" time="245.966" errors="1">
  <testcase name="runScenario" time="23.532" classname="org.example.Runners.Runners"/>
  <system-out/>
  <testcase name="runScenario" time="13.595" classname="org.example.Runners.Runners">
    <failure type="java.lang.AssertionError" message="URL of Second Slide expected [https://demo.nopcommerce.com/iphone-6] but found [https://demo.nopcommerce.com/]">
      <![CDATA[java.lang.AssertionError: URL of Second Slide expected [https://demo.nopcommerce.com/iphone-6] but found [https://demo.nopcommerce.com/]
at org.testng.Assert.fail(Assert.java:110)
at org.testng.Assert.failNotEquals(Assert.java:1413)
at org.testng.Assert.assertEqualsImpl(Assert.java:149)
at org.testng.Assert.assertEquals(Assert.java:131)
at org.testng.Assert.assertEquals(Assert.java:655)
at org.example.StepDefinition.D06_HomeSliders.second_slide_displayed(D06_HomeSliders.java:36)
at ✽.user is directed to the iphone 6 page(file:///C:/Users/Bahar/IdeaProjects/NouranAshraf-FWDAutomation/src/main/resources/features/F06_HomeSliders.feature:11)
]]>
    </failure>
  </testcase> <!-- runScenario -->
  <system-out/>
  <testcase name="runScenario" time="17.485" classname="org.example.Runners.Runners"/>
  <system-out/>
  <testcase name="runScenario" time="15.494" classname="org.example.Runners.Runners"/>
  <system-out/>
  <testcase name="runScenario" time="13.630" classname="org.example.Runners.Runners"/>
  <system-out/>
  <testcase name="runScenario" time="16.947" classname="org.example.Runners.Runners">
    <error type="java.lang.IndexOutOfBoundsException" message="Index: 1, Size: 1">
      <![CDATA[java.lang.IndexOutOfBoundsException: Index: 1, Size: 1
at java.util.ArrayList.rangeCheck(ArrayList.java:657)
at java.util.ArrayList.get(ArrayList.java:433)
at org.example.StepDefinition.D07_FollowUsStepDef.opens_new_tab(D07_FollowUsStepDef.java:23)
at ✽."https://demo.nopcommerce.com/new-online-store-is-open" is opened in new tab(file:///C:/Users/Bahar/IdeaProjects/NouranAshraf-FWDAutomation/src/main/resources/features/F07_FollowUs.feature:24)
]]>
    </error>
  </testcase> <!-- runScenario -->
  <system-out/>
  <testcase name="runScenario" time="30.547" classname="org.example.Runners.Runners"/>
  <system-out/>
  <testcase name="runScenario" time="10.955" classname="org.example.Runners.Runners"/>
  <system-out/>
  <testcase name="runScenario" time="18.851" classname="org.example.Runners.Runners"/>
  <system-out/>
  <testcase name="runScenario" time="11.765" classname="org.example.Runners.Runners"/>
  <system-out/>
  <testcase name="runScenario" time="13.263" classname="org.example.Runners.Runners"/>
  <system-out/>
  <testcase name="runScenario" time="13.490" classname="org.example.Runners.Runners"/>
  <system-out/>
  <testcase name="runScenario" time="12.212" classname="org.example.Runners.Runners"/>
  <system-out/>
  <testcase name="runScenario" time="21.006" classname="org.example.Runners.Runners"/>
  <system-out/>
  <testcase name="runScenario" time="13.194" classname="org.example.Runners.Runners">
    <failure type="java.lang.AssertionError" message="URL of First Slide expected [https://demo.nopcommerce.com/nokia-lumia-1020] but found [https://demo.nopcommerce.com/]">
      <![CDATA[java.lang.AssertionError: URL of First Slide expected [https://demo.nopcommerce.com/nokia-lumia-1020] but found [https://demo.nopcommerce.com/]
at org.testng.Assert.fail(Assert.java:110)
at org.testng.Assert.failNotEquals(Assert.java:1413)
at org.testng.Assert.assertEqualsImpl(Assert.java:149)
at org.testng.Assert.assertEquals(Assert.java:131)
at org.testng.Assert.assertEquals(Assert.java:655)
at org.example.StepDefinition.D06_HomeSliders.first_slide_displayed(D06_HomeSliders.java:22)
at ✽.user is directed to the nokia lumia 1020 page(file:///C:/Users/Bahar/IdeaProjects/NouranAshraf-FWDAutomation/src/main/resources/features/F06_HomeSliders.feature:6)
]]>
    </failure>
  </testcase> <!-- runScenario -->
  <system-out/>
</testsuite> <!-- org.example.Runners.Runners -->
